[2024-05-02 15:19:22,683] | INFO: Create New Datalog
[2024-05-02 15:19:23,175] | INFO: Program Started
[2024-05-02 15:40:44,160] | INFO: Open Existing Datalog
[2024-05-02 15:40:44,240] | INFO: Program Started
[2024-05-02 15:40:47,189] | INFO: Saving Excel File before Restart
[2024-05-02 15:42:18,478] | INFO: Open Existing Datalog
[2024-05-02 15:42:18,529] | INFO: Program Started
[2024-05-02 15:42:24,382] | INFO: Saving Excel File before Restart


List Bon (BRM)
JO 3249 (TMU Standard)
JO-24003249-BPC (BPC.003.001)
AKTM.301.001 1 - (OH MTR)
RASP.001.140 1 -
AKPS.220.028 1 OH RND
KWMT.003.015 1 OH DTR
PART.RELY.104 4 OH DTR
PART.RELY.112 4 OH DTR
POVB.401.002 1 OH DTR
AKCN.000.045 1 OH DTR
PIJN.640.050 1 OH DTR
AKVB.304.523 50 OH DTR
AKVB.304.524 10 OH DTR
AKVB.420.035 10 OH DTR
AKVB.410.533 4 OH DTR
AKVB.205.010 6 OH DTR
AKVB.205.020 4 OH DTR
AKVB.205.030 2 OH DTR
AKVB.208.010 2 OH DTR
PISC.001.000 50 OH DTR
PISC.001.030 50 OH DTR
PISC.001.040 50 OH DTR
PISC.002.030 100 OH DTR
PIJN.000.750 50 OH DTR
POCN.201.009 2 OH DTR
POCN.201.016 3 OH DTR
POCN.201.021 1 OH DTR
POVB.280.037 2 OH DTR

J0-24003249-TSU (TSU.003.001)
AKPR.202.003 1 OH DTR
LVSW.102.340 1 OH RND
AKTM.301.005 1 OH DTR
SOLV.014.220 1 OH RND
AKVB.308.004 10 OH RND
AKVB.420.010 2 OH RND
AKVB.451.004 1 OH RND
AKVB.230.010 2 OH RND
POPK.305.066 1 -
POPK.305.097 1 -
AKOL.406.000 1 -

J0-24003249-POVB (POVB.100.003)
POVB.401.002 4 OH DTR
AKVB.307.007 6 OH DTR
AKVB.420.035 2 OH DTR
POCN.201.016 6 OH DTR

JO 3253 (TMU Smart)
JO-24003253-BPC (BPC.003.002)
AKTM.301.013 1 OH DTR
AKTM.301.014 3 OH DTR
RASP.002.007 1 OH DTR
RASP.001.140 1 OH RND
AKPS.220.028 1 OH RND
RELY.002.008 -
KWMT.003.015 1 OH DTR
POVB.401.002 1 OH DTR
AKCN.000.045 1 OH DTR
PIJN.640.050 1 OH DTR
AKVB.304.523 50 OH DTR
AKVB.304.524 20 OH DTR
AKVB.420.035 10 OH DTR
AKVB.410.533 4 OH DTR
AKVB.205.010 8 OH DTR
AKVB.205.020 4 OH DTR
AKVB.205.030 2 OH DTR
AKVB.208.010 2 OH DTR
AKVB.208.020 2 OH DTR
PISC.001.000 50 OH DTR
PISC.001.030 50 OH DTR
PISC.001.040 50 OH DTR
PISC.002.030 100 OH DTR
PIJN.000.750 50 OH DTR
POCN.201.009 2 OH DTR
POCN.201.016 3 OH DTR
POCN.201.021 1 OH DTR
POVB.280.037 2 OH DTR

J0-24003253-TSU (TSU.003.001)
AKPR.202.003 1 OH DTR
LVSW.102.340 1 OH RND
AKTM.301.005 1 OH DTR
SOLV.014.220 1 OH RND
AKVB.308.004 10 OH RND
AKVB.420.010 2 OH RND
AKVB.451.004 1 OH RND
AKVB.230.010 2 OH RND
POPK.305.066 1 -
POPK.305.097 1 -
AKOL.406.000 1 -

J0-24003253-POVB (POVB.100.003)
POVB.401.002 4 OH DTR
AKVB.307.007 6 OH DTR
AKVB.420.035 2 OH DTR
POCN.201.016 6 OH DTR

JO-24003255 (TSU.003.100)
SOIL.001.001 1 -
SOIL.002.001 1 OH RND
SOIL.002.002 1 OH RND

List Bon (BNP)
STKR.600.001 10
PIJN.640.050 4
LVSW.102.340 2
AKTM.301.018 4
AKTM.301.017 1
AKPT.000.005 8
COBA.000.002 111

